[ 2026-02-18 16:50:38,614 ] root - INFO - Entered the start_data_ingestion method of TrainPipeline class
[ 2026-02-18 16:50:38,614 ] root - INFO - Getting the data from URL
[ 2026-02-18 16:50:38,614 ] root - INFO - Entered initiate_data_ingestion method of DataIngestion class
[ 2026-02-18 16:50:38,614 ] root - INFO - Downloading dataset from Kaggle: pkdarabi/solarpanel
[ 2026-02-18 16:50:39,680 ] root - INFO - Dataset downloaded by kagglehub to: /home/thermal/.cache/kagglehub/datasets/pkdarabi/solarpanel/versions/49
[ 2026-02-18 16:50:39,681 ] root - INFO - Copying dataset from /home/thermal/.cache/kagglehub/datasets/pkdarabi/solarpanel/versions/49 to artifacts/data_ingestion/feature_store/ImageSet
[ 2026-02-18 16:50:41,275 ] root - INFO - Dataset successfully copied to feature store: artifacts/data_ingestion/feature_store/ImageSet
[ 2026-02-18 16:50:41,276 ] root - INFO - Exited initiate_data_ingestion method of DataIngestion class
[ 2026-02-18 16:50:41,276 ] root - INFO - Data ingestion artifact: DataIngestionArtifact(data_download_path='/home/thermal/.cache/kagglehub/datasets/pkdarabi/solarpanel/versions/49', feature_store_path='artifacts/data_ingestion/feature_store/ImageSet')
[ 2026-02-18 16:50:41,276 ] root - INFO - Got the data from URL
[ 2026-02-18 16:50:41,276 ] root - INFO - Exited the start_data_ingestion method of TrainPipeline class
[ 2026-02-18 16:50:41,276 ] root - INFO - Entered the start_data_validation method of TrainPipeline class
[ 2026-02-18 16:50:41,276 ] root - INFO - Entered initiate_data_validation method of DataValidation class
[ 2026-02-18 16:50:41,276 ] root - INFO - Files found in feature store: ['valid', 'data.yaml', 'test', 'train', 'README.txt', 'ImageSet']
[ 2026-02-18 16:50:41,276 ] root - INFO - Required files: ['train', 'valid', 'test', 'data.yaml']
[ 2026-02-18 16:50:41,413 ] root - INFO - All required files are present.
[ 2026-02-18 16:50:41,413 ] root - INFO - Exited initiate_data_validation method of DataValidation class
[ 2026-02-18 16:50:41,413 ] root - INFO - Data validation artifact: DataValidationArtifact(validation_status=True)
[ 2026-02-18 16:50:41,413 ] root - INFO - Performed the data validation operation
[ 2026-02-18 16:50:41,413 ] root - INFO - Exited the start_data_validation method of TrainPipeline class
