[ 2026-02-18 16:42:38,846 ] root - INFO - Entered the start_data_ingestion method of TrainPipeline class
[ 2026-02-18 16:42:38,846 ] root - INFO - Getting the data from URL
[ 2026-02-18 16:42:38,846 ] root - INFO - Entered initiate_data_ingestion method of DataIngestion class
[ 2026-02-18 16:42:38,846 ] root - INFO - Downloading dataset from Kaggle: pkdarabi/solarpanel
[ 2026-02-18 16:42:39,501 ] root - INFO - Dataset downloaded by kagglehub to: /home/thermal/.cache/kagglehub/datasets/pkdarabi/solarpanel/versions/49
[ 2026-02-18 16:42:39,501 ] root - INFO - Copying dataset from /home/thermal/.cache/kagglehub/datasets/pkdarabi/solarpanel/versions/49 to artifacts/data_ingestion/feature_store
[ 2026-02-18 16:42:50,207 ] root - INFO - Dataset successfully copied to feature store: artifacts/data_ingestion/feature_store
[ 2026-02-18 16:42:50,207 ] root - INFO - Exited initiate_data_ingestion method of DataIngestion class
[ 2026-02-18 16:42:50,207 ] root - INFO - Data ingestion artifact: DataIngestionArtifact(data_download_path='/home/thermal/.cache/kagglehub/datasets/pkdarabi/solarpanel/versions/49', feature_store_path='artifacts/data_ingestion/feature_store')
[ 2026-02-18 16:42:50,207 ] root - INFO - Got the data from URL
[ 2026-02-18 16:42:50,207 ] root - INFO - Exited the start_data_ingestion method of TrainPipeline class
[ 2026-02-18 16:42:50,207 ] root - INFO - Entered the start_data_validation method of TrainPipeline class
[ 2026-02-18 16:42:50,207 ] root - INFO - Entered initiate_data_validation method of DataValidation class
[ 2026-02-18 16:42:50,207 ] root - INFO - Files found in feature store: ['ImageSet']
[ 2026-02-18 16:42:50,207 ] root - INFO - Required files: ['train', 'valid', 'test', 'data.yaml']
[ 2026-02-18 16:42:50,208 ] root - INFO - Missing required files: ['train', 'valid', 'test', 'data.yaml']
[ 2026-02-18 16:42:50,208 ] root - INFO - Exited initiate_data_validation method of DataValidation class
[ 2026-02-18 16:42:50,208 ] root - INFO - Data validation artifact: DataValidationArtifact(validation_status=False)
[ 2026-02-18 16:42:50,208 ] root - INFO - Performed the data validation operation
[ 2026-02-18 16:42:50,208 ] root - INFO - Exited the start_data_validation method of TrainPipeline class
